[00:35:14] [ServerMain/INFO]: Environment: Environment[sessionHost=https://sessionserver.mojang.com, servicesHost=https://api.minecraftservices.com, name=PROD]
[00:35:15] [ServerMain/INFO]: Loaded 1290 recipes
[00:35:15] [ServerMain/INFO]: Loaded 1399 advancements
[00:35:15] [Server thread/INFO]: Starting minecraft server version 1.21.1
[00:35:15] [Server thread/INFO]: Loading properties
[00:35:15] [Server thread/INFO]: Default game type: SURVIVAL
[00:35:15] [Server thread/INFO]: Generating keypair
[00:35:15] [Server thread/INFO]: Starting Minecraft server on *:25565
[00:35:15] [Server thread/INFO]: Using default channel type
[00:35:15] [Server thread/WARN]: **** SERVER IS RUNNING IN OFFLINE/INSECURE MODE!
[00:35:15] [Server thread/WARN]: The server will make no attempt to authenticate usernames. Beware.
[00:35:15] [Server thread/WARN]: While this makes the game possible to play without internet access, it also opens up the ability for hackers to connect with any username they choose.
[00:35:15] [Server thread/WARN]: To change this, set "online-mode" to "true" in the server.properties file.
[00:35:15] [Server thread/INFO]: Preparing level "world"
[00:35:16] [Server thread/INFO]: Preparing start region for dimension minecraft:overworld
[00:35:17] [Worker-Main-6/INFO]: Preparing spawn area: 0%
[00:35:17] [Server thread/INFO]: Time elapsed: 308 ms
[00:35:17] [Server thread/INFO]: Done (1.329s)! For help, type "help"
[00:35:39] [Server thread/INFO]: KpoJIeBapKa[/192.168.0.1:4204] logged in with entity id 13 at (769.3000000119209, 66.0, 933.6999999880791)
[00:35:39] [Server thread/INFO]: KpoJIeBapKa joined the game
[01:02:26] [Server thread/INFO]: KpoJIeBapKa lost connection: Disconnected
[01:02:26] [Server thread/INFO]: KpoJIeBapKa left the game
