[15:35:09] [ServerMain/INFO]: Environment: Environment[sessionHost=https://sessionserver.mojang.com, servicesHost=https://api.minecraftservices.com, name=PROD]
[15:35:10] [ServerMain/INFO]: Loaded 1290 recipes
[15:35:11] [ServerMain/INFO]: Loaded 1399 advancements
[15:35:11] [Server thread/INFO]: Starting minecraft server version 1.21.1
[15:35:11] [Server thread/INFO]: Loading properties
[15:35:11] [Server thread/INFO]: Default game type: SURVIVAL
[15:35:11] [Server thread/INFO]: Generating keypair
[15:35:11] [Server thread/INFO]: Starting Minecraft server on *:25565
[15:35:11] [Server thread/INFO]: Using default channel type
[15:35:11] [Server thread/WARN]: **** SERVER IS RUNNING IN OFFLINE/INSECURE MODE!
[15:35:11] [Server thread/WARN]: The server will make no attempt to authenticate usernames. Beware.
[15:35:11] [Server thread/WARN]: While this makes the game possible to play without internet access, it also opens up the ability for hackers to connect with any username they choose.
[15:35:11] [Server thread/WARN]: To change this, set "online-mode" to "true" in the server.properties file.
[15:35:11] [Server thread/INFO]: Preparing level "world"
[15:35:12] [Server thread/INFO]: Preparing start region for dimension minecraft:overworld
[15:35:12] [Worker-Main-1/INFO]: Preparing spawn area: 0%
[15:35:12] [Server thread/INFO]: Time elapsed: 314 ms
[15:35:12] [Server thread/INFO]: Done (1.149s)! For help, type "help"
[15:35:18] [Server thread/INFO]: KpoJIeBapKa[/192.168.0.1:10181] logged in with entity id 21 at (1209.0112163239216, 98.60242202811844, -657.1410121362934)
[15:35:18] [Server thread/INFO]: KpoJIeBapKa joined the game
[15:35:36] [Server thread/INFO]: KpoJIeBapKa lost connection: Disconnected
[15:35:36] [Server thread/INFO]: KpoJIeBapKa left the game
